0 info it worked if it ends with ok
1 verbose cli [ 'C:\\Program Files\\nodejs\\node.exe',
1 verbose cli   'C:\\Program Files\\nodejs\\node_modules\\npm\\bin\\npm-cli.js',
1 verbose cli   'install',
1 verbose cli   'opencv' ]
2 info using npm@3.10.9
3 info using node@v6.9.2
4 silly loadCurrentTree Starting
5 silly install loadCurrentTree
6 silly install readLocalPackageData
7 silly fetchPackageMetaData opencv
8 silly fetchNamedPackageData opencv
9 silly mapToRegistry name opencv
10 silly mapToRegistry using default registry
11 silly mapToRegistry registry https://registry.npmjs.org/
12 silly mapToRegistry data Result {
12 silly mapToRegistry   raw: 'opencv',
12 silly mapToRegistry   scope: null,
12 silly mapToRegistry   escapedName: 'opencv',
12 silly mapToRegistry   name: 'opencv',
12 silly mapToRegistry   rawSpec: '',
12 silly mapToRegistry   spec: 'latest',
12 silly mapToRegistry   type: 'tag' }
13 silly mapToRegistry uri https://registry.npmjs.org/opencv
14 verbose request uri https://registry.npmjs.org/opencv
15 verbose request no auth needed
16 info attempt registry request try #1 at 20:15:02
17 verbose request id 26b67229b83a4d00
18 http request GET https://registry.npmjs.org/opencv
19 http 200 https://registry.npmjs.org/opencv
20 verbose headers { 'content-type': 'application/json; charset=UTF-8',
20 verbose headers   server: 'UploadServer',
20 verbose headers   'cache-control': 'max-age=300',
20 verbose headers   'last-modified': 'Thu, 16 Nov 2017 11:55:38 GMT',
20 verbose headers   etag: '"5a0d7cba-8c9b"',
20 verbose headers   'content-encoding': 'gzip',
20 verbose headers   'content-length': '6304',
20 verbose headers   'accept-ranges': 'bytes',
20 verbose headers   date: 'Fri, 22 Dec 2017 18:15:02 GMT',
20 verbose headers   via: '1.1 varnish',
20 verbose headers   age: '0',
20 verbose headers   connection: 'keep-alive',
20 verbose headers   'x-served-by': 'cache-hhn1545-HHN',
20 verbose headers   'x-cache': 'HIT',
20 verbose headers   'x-cache-hits': '1',
20 verbose headers   'x-timer': 'S1513966503.678458,VS0,VE147',
20 verbose headers   vary: 'Accept-Encoding, Accept' }
21 silly get cb [ 200,
21 silly get   { 'content-type': 'application/json; charset=UTF-8',
21 silly get     server: 'UploadServer',
21 silly get     'cache-control': 'max-age=300',
21 silly get     'last-modified': 'Thu, 16 Nov 2017 11:55:38 GMT',
21 silly get     etag: '"5a0d7cba-8c9b"',
21 silly get     'content-encoding': 'gzip',
21 silly get     'content-length': '6304',
21 silly get     'accept-ranges': 'bytes',
21 silly get     date: 'Fri, 22 Dec 2017 18:15:02 GMT',
21 silly get     via: '1.1 varnish',
21 silly get     age: '0',
21 silly get     connection: 'keep-alive',
21 silly get     'x-served-by': 'cache-hhn1545-HHN',
21 silly get     'x-cache': 'HIT',
21 silly get     'x-cache-hits': '1',
21 silly get     'x-timer': 'S1513966503.678458,VS0,VE147',
21 silly get     vary: 'Accept-Encoding, Accept' } ]
22 verbose get saving opencv to C:\Users\user\AppData\Roaming\npm-cache\registry.npmjs.org\opencv\.cache.json
23 verbose correctMkdir C:\Users\user\AppData\Roaming\npm-cache correctMkdir not in flight; initializing
24 silly install normalizeTree
25 silly loadCurrentTree Finishing
26 silly loadIdealTree Starting
27 silly install loadIdealTree
28 silly cloneCurrentTree Starting
29 silly install cloneCurrentTreeToIdealTree
30 silly cloneCurrentTree Finishing
31 silly loadShrinkwrap Starting
32 silly install loadShrinkwrap
33 silly loadShrinkwrap Finishing
34 silly loadAllDepsIntoIdealTree Starting
35 silly install loadAllDepsIntoIdealTree
36 silly resolveWithNewModule opencv@6.0.0 checking installable status
37 silly cache add args [ 'opencv', null ]
38 verbose cache add spec opencv
39 silly cache add parsed spec Result {
39 silly cache add   raw: 'opencv',
39 silly cache add   scope: null,
39 silly cache add   escapedName: 'opencv',
39 silly cache add   name: 'opencv',
39 silly cache add   rawSpec: '',
39 silly cache add   spec: 'latest',
39 silly cache add   type: 'tag' }
40 silly addNamed opencv@latest
41 verbose addNamed "latest" is being treated as a dist-tag for opencv
42 info addNameTag [ 'opencv', 'latest' ]
43 silly mapToRegistry name opencv
44 silly mapToRegistry using default registry
45 silly mapToRegistry registry https://registry.npmjs.org/
46 silly mapToRegistry data Result {
46 silly mapToRegistry   raw: 'opencv',
46 silly mapToRegistry   scope: null,
46 silly mapToRegistry   escapedName: 'opencv',
46 silly mapToRegistry   name: 'opencv',
46 silly mapToRegistry   rawSpec: '',
46 silly mapToRegistry   spec: 'latest',
46 silly mapToRegistry   type: 'tag' }
47 silly mapToRegistry uri https://registry.npmjs.org/opencv
48 verbose addNameTag registry:https://registry.npmjs.org/opencv not in flight; fetching
49 verbose get https://registry.npmjs.org/opencv not expired, no request
50 silly addNameTag next cb for opencv with tag latest
51 silly addNamed opencv@6.0.0
52 verbose addNamed "6.0.0" is a plain semver version for opencv
53 silly mapToRegistry name opencv
54 silly mapToRegistry using default registry
55 silly mapToRegistry registry https://registry.npmjs.org/
56 silly mapToRegistry data Result {
56 silly mapToRegistry   raw: 'opencv',
56 silly mapToRegistry   scope: null,
56 silly mapToRegistry   escapedName: 'opencv',
56 silly mapToRegistry   name: 'opencv',
56 silly mapToRegistry   rawSpec: '',
56 silly mapToRegistry   spec: 'latest',
56 silly mapToRegistry   type: 'tag' }
57 silly mapToRegistry uri https://registry.npmjs.org/opencv
58 verbose addRemoteTarball https://registry.npmjs.org/opencv/-/opencv-6.0.0.tgz not in flight; adding
59 verbose addRemoteTarball [ 'https://registry.npmjs.org/opencv/-/opencv-6.0.0.tgz',
59 verbose addRemoteTarball   '9682bc5c5f35e7d77421bddcf651cf3fe3debe56' ]
60 info retry fetch attempt 1 at 20:15:02
61 info attempt registry request try #1 at 20:15:02
62 http fetch GET https://registry.npmjs.org/opencv/-/opencv-6.0.0.tgz
63 http fetch 200 https://registry.npmjs.org/opencv/-/opencv-6.0.0.tgz
64 warn retry will retry, error on last attempt: Error: EBUSY: resource busy or locked, rename 'C:\Users\user\AppData\Local\Temp\npm-11788-8887c2b2\registry.npmjs.org\opencv\-\opencv-6.0.0.tgz.3945164424' -> 'C:\Users\user\AppData\Local\Temp\npm-11788-8887c2b2\registry.npmjs.org\opencv\-\opencv-6.0.0.tgz'
65 verbose stack TypeError: tarball.destroy is not a function
65 verbose stack     at WriteStreamAtomic.<anonymous> (C:\Program Files\nodejs\node_modules\npm\lib\cache\add-remote-tarball.js:97:15)
65 verbose stack     at emitOne (events.js:101:20)
65 verbose stack     at WriteStreamAtomic.emit (events.js:188:7)
65 verbose stack     at WriteStreamAtomic.emit (C:\Program Files\nodejs\node_modules\npm\node_modules\fs-write-stream-atomic\index.js:60:34)
65 verbose stack     at C:\Program Files\nodejs\node_modules\npm\node_modules\fs-write-stream-atomic\index.js:89:19
65 verbose stack     at FSReqWrap.oncomplete (fs.js:123:15)
66 verbose cwd C:\users\user\desktop\bootstraptraning\train
67 error Windows_NT 10.0.15063
68 error argv "C:\\Program Files\\nodejs\\node.exe" "C:\\Program Files\\nodejs\\node_modules\\npm\\bin\\npm-cli.js" "install" "opencv"
69 error node v6.9.2
70 error npm  v3.10.9
71 error tarball.destroy is not a function
72 error If you need help, you may report this error at:
72 error     <https://github.com/npm/npm/issues>
73 verbose exit [ 1, true ]
